app/build/intermediates/manifest_merge_blame_file/debug/manifest-merger-blame-debug-report.txt
1<?xml version="1.0" encoding="utf-8"?>
2<manifest xmlns:android="http://schemas.android.com/apk/res/android"
3    package="com.example.nasaearthyimage"
4    android:versionCode="1"
5    android:versionName="1.0" >
6
7    <uses-sdk
8        android:minSdkVersion="23"
8-->src\main\AndroidManifest.xml
9        android:targetSdkVersion="29" />
9-->src\main\AndroidManifest.xml
10
11    <uses-permission android:name="android.permission.INTERNET" />
11-->src\main\AndroidManifest.xml:5:5-67
11-->src\main\AndroidManifest.xml:5:22-64
12    <uses-permission android:name="android.permission.WRITE_EXTERNAL_STORAGE" />
12-->src\main\AndroidManifest.xml:6:5-81
12-->src\main\AndroidManifest.xml:6:22-78
13    <uses-permission android:name="android.permission.READ_EXTERNAL_STORAGE" />
13-->src\main\AndroidManifest.xml:7:5-80
13-->src\main\AndroidManifest.xml:7:22-77
14    <uses-permission android:name="android.permission.ACCESS_NETWORK_STATE" />
14-->src\main\AndroidManifest.xml:8:5-79
14-->src\main\AndroidManifest.xml:8:22-76
15
16    <application
16-->src\main\AndroidManifest.xml:10:5-41:19
17        android:allowBackup="true"
17-->src\main\AndroidManifest.xml:11:9-35
18        android:appComponentFactory="androidx.core.app.CoreComponentFactory"
18-->[androidx.core:core:1.1.0] AndroidManifest.xml:24:18-86
19        android:debuggable="true"
20        android:extractNativeLibs="false"
21        android:icon="@mipmap/ic_launcher"
21-->src\main\AndroidManifest.xml:12:9-43
22        android:label="@string/app_name"
22-->src\main\AndroidManifest.xml:13:9-41
23        android:roundIcon="@mipmap/ic_launcher_round"
23-->src\main\AndroidManifest.xml:14:9-54
24        android:supportsRtl="true"
24-->src\main\AndroidManifest.xml:15:9-35
25        android:testOnly="true"
26        android:theme="@style/AppTheme" >
26-->src\main\AndroidManifest.xml:16:9-40
27        <activity android:name="com.example.finalproject.trang_nguyen.BBC_ListView" />
27-->src\main\AndroidManifest.xml:17:9-86
27-->src\main\AndroidManifest.xml:17:19-84
28        <activity android:name="com.example.finalproject.trang_nguyen.BBCNewsMain" />
28-->src\main\AndroidManifest.xml:18:9-85
28-->src\main\AndroidManifest.xml:18:19-83
29        <activity android:name="com.example.finalproject.trang_nguyen.BlankFragment_bbc" />
29-->src\main\AndroidManifest.xml:19:9-91
29-->src\main\AndroidManifest.xml:19:19-89
30        <activity android:name="com.example.finalproject.phong_tran.EarthSavedImageList" />
30-->src\main\AndroidManifest.xml:20:9-91
30-->src\main\AndroidManifest.xml:20:19-89
31        <activity android:name="com.example.finalproject.phong_tran.InformationPage" />
31-->src\main\AndroidManifest.xml:21:9-88
31-->src\main\AndroidManifest.xml:21:19-85
32        <activity android:name="com.example.finalproject.abraham_mansour.NasaImageOfTheDay" />
32-->src\main\AndroidManifest.xml:22:9-95
32-->src\main\AndroidManifest.xml:22:19-92
33        <activity android:name="com.example.finalproject.abraham_mansour.PreviusRecord" />
33-->src\main\AndroidManifest.xml:23:9-91
33-->src\main\AndroidManifest.xml:23:19-88
34        <activity android:name="com.example.finalproject.ny_nguyen.TheGuardianNavigationDrawer" />
34-->src\main\AndroidManifest.xml:24:9-99
34-->src\main\AndroidManifest.xml:24:19-96
35        <activity android:name="com.example.finalproject.ny_nguyen.TheGuardianArticleList" />
35-->src\main\AndroidManifest.xml:25:9-94
35-->src\main\AndroidManifest.xml:25:19-91
36        <activity android:name="com.example.finalproject.ny_nguyen.TheGuardianDetailActivity" />
36-->src\main\AndroidManifest.xml:26:9-97
36-->src\main\AndroidManifest.xml:26:19-94
37        <activity android:name="com.example.finalproject.ny_nguyen.TheGuardianSearchFragment" />
37-->src\main\AndroidManifest.xml:27:9-97
37-->src\main\AndroidManifest.xml:27:19-94
38        <activity android:name="com.example.finalproject.ny_nguyen.TheGuardianArticle" />
38-->src\main\AndroidManifest.xml:28:9-90
38-->src\main\AndroidManifest.xml:28:19-87
39        <activity android:name="com.example.finalproject.ny_nguyen.TheGuardianDatabase" />
39-->src\main\AndroidManifest.xml:29:9-91
39-->src\main\AndroidManifest.xml:29:19-88
40        <activity android:name="com.example.finalproject.ny_nguyen.TheGuardianAdapter" />
40-->src\main\AndroidManifest.xml:30:9-90
40-->src\main\AndroidManifest.xml:30:19-87
41        <activity android:name="com.example.finalproject.ny_nguyen.TheGuardianGet" />
41-->src\main\AndroidManifest.xml:31:9-86
41-->src\main\AndroidManifest.xml:31:19-83
42        <activity android:name="com.example.finalproject.ny_nguyen.TheGuardianMainPage" />
42-->src\main\AndroidManifest.xml:32:9-91
42-->src\main\AndroidManifest.xml:32:19-88
43        <activity android:name="com.example.finalproject.ApplicationHome" >
43-->src\main\AndroidManifest.xml:33:9-39:20
43-->src\main\AndroidManifest.xml:33:19-74
44            <intent-filter>
44-->src\main\AndroidManifest.xml:34:13-38:29
45                <action android:name="android.intent.action.MAIN" />
45-->src\main\AndroidManifest.xml:35:17-69
45-->src\main\AndroidManifest.xml:35:25-66
46
47                <category android:name="android.intent.category.LAUNCHER" />
47-->src\main\AndroidManifest.xml:37:17-77
47-->src\main\AndroidManifest.xml:37:27-74
48            </intent-filter>
49        </activity>
50
51        <provider
51-->[androidx.lifecycle:lifecycle-process:2.0.0] AndroidManifest.xml:23:9-27:43
52            android:name="androidx.lifecycle.ProcessLifecycleOwnerInitializer"
52-->[androidx.lifecycle:lifecycle-process:2.0.0] AndroidManifest.xml:24:13-79
53            android:authorities="com.example.nasaearthyimage.lifecycle-process"
53-->[androidx.lifecycle:lifecycle-process:2.0.0] AndroidManifest.xml:25:13-69
54            android:exported="false"
54-->[androidx.lifecycle:lifecycle-process:2.0.0] AndroidManifest.xml:26:13-37
55            android:multiprocess="true" />
55-->[androidx.lifecycle:lifecycle-process:2.0.0] AndroidManifest.xml:27:13-40
56    </application>
57
58</manifest>